==24985== Memcheck, a memory error detector
==24985== Copyright (C) 2002-2017, and GNU GPL'd, by Julian Seward et al.
==24985== Using Valgrind-3.13.0 and LibVEX; rerun with -h for copyright info
==24985== Command: bin/bourse -p 9999
==24985== Parent PID: 24973
==24985== 
==24985== 
==24985== FILE DESCRIPTORS: 8 open at exit.
==24985== Open AF_INET socket 5: 0.0.0.0:9999 <-> unbound
==24985==    at 0x517DEC7: socket (syscall-template.S:78)
==24985==    by 0x10D544: open_listenfd (csapp.c:1015)
==24985==    by 0x10D69A: Open_listenfd (csapp.c:1062)
==24985==    by 0x10A4C4: main (main.c:73)
==24985== 
==24985== Open file descriptor 13: /dev/shm/bxf_arena_24971 (deleted)
==24985==    <inherited from parent>
==24985== 
==24985== Open file descriptor 12: /dev/shm/bxf_arena_24971 (deleted)
==24985==    <inherited from parent>
==24985== 
==24985== Open file descriptor 4:
==24985==    <inherited from parent>
==24985== 
==24985== Open file descriptor 3: /home/student/scduppala/hw5/valgrind.out
==24985==    <inherited from parent>
==24985== 
==24985== Open file descriptor 2: /dev/pts/1
==24985==    <inherited from parent>
==24985== 
==24985== Open file descriptor 1: /dev/pts/1
==24985==    <inherited from parent>
==24985== 
==24985== Open file descriptor 0:
==24985==    <inherited from parent>
==24985== 
==24985== 
==24985== HEAP SUMMARY:
==24985==     in use at exit: 0 bytes in 0 blocks
==24985==   total heap usage: 14 allocs, 14 frees, 11,448 bytes allocated
==24985== 
==24985== All heap blocks were freed -- no leaks are possible
==24985== 
==24985== For counts of detected and suppressed errors, rerun with: -v
==24985== ERROR SUMMARY: 0 errors from 0 contexts (suppressed: 0 from 0)
